<?xml version="1.0" encoding="UTF-8"?>
<!-- Generated by org.testng.reporters.JUnitXMLReporter -->
<testsuite hostname="DESKTOP-16QKT9V" failures="0" tests="3"
	name="Release Sep2020" time="31.677" errors="0"
	timestamp="14 Sep 2020 02:49:15 GMT">
	<testcase classname="tests.Settings" name="ChangeProvider"
		time="7.878" />
	<testcase classname="tests.Login"
		name="LoginWithCorrectCredentials" time="12.08" />
	<testcase classname="tests.Files" name="PagesOperations"
		time="25.581" />
</testsuite> <!-- Release Sep2020 -->
